This is pdfTeX, Version 3.1415926-2.5-1.40.14 (TeX Live 2013/Debian) (format=pdflatex 2017.9.13)  4 JAN 2018 17:06
entering extended mode
 restricted \write18 enabled.
 %&-line parsing enabled.
**Final_report.tex
(./Final_report.tex
LaTeX2e <2011/06/27>
Babel <3.9h> and hyphenation patterns for 2 languages loaded.
(/usr/share/texlive/texmf-dist/tex/latex/base/article.cls
Document Class: article 2007/10/19 v1.4h Standard LaTeX document class
(/usr/share/texlive/texmf-dist/tex/latex/base/size10.clo
File: size10.clo 2007/10/19 v1.4h Standard LaTeX file (size option)
)
\c@part=\count79
\c@section=\count80
\c@subsection=\count81
\c@subsubsection=\count82
\c@paragraph=\count83
\c@subparagraph=\count84
\c@figure=\count85
\c@table=\count86
\abovecaptionskip=\skip41
\belowcaptionskip=\skip42
\bibindent=\dimen102
)
(/usr/share/texlive/texmf-dist/tex/latex/fancyhdr/fancyhdr.sty
\fancy@headwidth=\skip43
\f@ncyO@elh=\skip44
\f@ncyO@erh=\skip45
\f@ncyO@olh=\skip46
\f@ncyO@orh=\skip47
\f@ncyO@elf=\skip48
\f@ncyO@erf=\skip49
\f@ncyO@olf=\skip50
\f@ncyO@orf=\skip51
)
(/usr/share/texlive/texmf-dist/tex/latex/lastpage/lastpage.sty
Package: lastpage 2013/01/28 v1.2l Refers to last page's name (HMM; JPG)
)
(/usr/share/texlive/texmf-dist/tex/latex/fancyhdr/extramarks.sty
\@temptokenb=\toks14
)
(/usr/share/texlive/texmf-dist/tex/latex/graphics/color.sty
Package: color 2005/11/14 v1.0j Standard LaTeX Color (DPC)

(/usr/share/texlive/texmf-dist/tex/latex/latexconfig/color.cfg
File: color.cfg 2007/01/18 v1.5 color configuration of teTeX/TeXLive
)
Package color Info: Driver file: pdftex.def on input line 130.

(/usr/share/texlive/texmf-dist/tex/latex/pdftex-def/pdftex.def
File: pdftex.def 2011/05/27 v0.06d Graphics/color for pdfTeX

(/usr/share/texlive/texmf-dist/tex/generic/oberdiek/infwarerr.sty
Package: infwarerr 2010/04/08 v1.3 Providing info/warning/error messages (HO)
)
(/usr/share/texlive/texmf-dist/tex/generic/oberdiek/ltxcmds.sty
Package: ltxcmds 2011/11/09 v1.22 LaTeX kernel commands for general use (HO)
)
\Gread@gobject=\count87
)
(/usr/share/texlive/texmf-dist/tex/latex/graphics/dvipsnam.def
File: dvipsnam.def 1999/02/16 v3.0i Driver-dependant file (DPC,SPQR)
))
(/usr/share/texlive/texmf-dist/tex/latex/graphics/graphicx.sty
Package: graphicx 1999/02/16 v1.0f Enhanced LaTeX Graphics (DPC,SPQR)

(/usr/share/texlive/texmf-dist/tex/latex/graphics/keyval.sty
Package: keyval 1999/03/16 v1.13 key=value parser (DPC)
\KV@toks@=\toks15
)
(/usr/share/texlive/texmf-dist/tex/latex/graphics/graphics.sty
Package: graphics 2009/02/05 v1.0o Standard LaTeX Graphics (DPC,SPQR)

(/usr/share/texlive/texmf-dist/tex/latex/graphics/trig.sty
Package: trig 1999/03/16 v1.09 sin cos tan (DPC)
)
(/usr/share/texlive/texmf-dist/tex/latex/latexconfig/graphics.cfg
File: graphics.cfg 2010/04/23 v1.9 graphics configuration of TeX Live
)
Package graphics Info: Driver file: pdftex.def on input line 91.
)
\Gin@req@height=\dimen103
\Gin@req@width=\dimen104
)
(/usr/share/texlive/texmf-dist/tex/latex/listings/listings.sty
\lst@mode=\count88
\lst@gtempboxa=\box26
\lst@token=\toks16
\lst@length=\count89
\lst@currlwidth=\dimen105
\lst@column=\count90
\lst@pos=\count91
\lst@lostspace=\dimen106
\lst@width=\dimen107
\lst@newlines=\count92
\lst@lineno=\count93
\lst@maxwidth=\dimen108

(/usr/share/texlive/texmf-dist/tex/latex/listings/lstmisc.sty
File: lstmisc.sty 2013/08/26 1.5b (Carsten Heinz)
\c@lstnumber=\count94
\lst@skipnumbers=\count95
\lst@framebox=\box27
)
(/usr/share/texlive/texmf-dist/tex/latex/listings/listings.cfg
File: listings.cfg 2013/08/26 1.5b listings configuration
))
Package: listings 2013/08/26 1.5b (Carsten Heinz)

(/usr/share/texlive/texmf-dist/tex/latex/psnfss/courier.sty
Package: courier 2005/04/12 PSNFSS-v9.2a (WaS) 
)
(/usr/share/texlive/texmf-dist/tex/latex/lipsum/lipsum.sty
Package: lipsum 2011/04/14 v1.2 150 paragraphs of Lorem Ipsum dummy text
\c@lips@count=\count96
)
(/usr/share/texlive/texmf-dist/tex/latex/titling/titling.sty
Package: titling 2009/09/04 v2.1d maketitle typesetting
\thanksmarkwidth=\skip52
\thanksmargin=\skip53
\droptitle=\skip54
)
(./Final_report.aux)
\openout1 = `Final_report.aux'.

LaTeX Font Info:    Checking defaults for OML/cmm/m/it on input line 44.
LaTeX Font Info:    ... okay on input line 44.
LaTeX Font Info:    Checking defaults for T1/cmr/m/n on input line 44.
LaTeX Font Info:    ... okay on input line 44.
LaTeX Font Info:    Checking defaults for OT1/cmr/m/n on input line 44.
LaTeX Font Info:    ... okay on input line 44.
LaTeX Font Info:    Checking defaults for OMS/cmsy/m/n on input line 44.
LaTeX Font Info:    ... okay on input line 44.
LaTeX Font Info:    Checking defaults for OMX/cmex/m/n on input line 44.
LaTeX Font Info:    ... okay on input line 44.
LaTeX Font Info:    Checking defaults for U/cmr/m/n on input line 44.
LaTeX Font Info:    ... okay on input line 44.
Package lastpage Info: Please have a look at the pageslts package at
(lastpage)             http://www.ctan.org/tex-archive/ 
(lastpage)             macros/latex/contrib/pageslts/ 
(lastpage)             or
(lastpage)             http://www.ctan.org/tex-archive/ 
(lastpage)             install/macros/latex/contrib/pageslts.tds.zip
(lastpage)             ! on input line 44.

(/usr/share/texlive/texmf-dist/tex/context/base/supp-pdf.mkii
[Loading MPS to PDF converter (version 2006.09.02).]
\scratchcounter=\count97
\scratchdimen=\dimen109
\scratchbox=\box28
\nofMPsegments=\count98
\nofMParguments=\count99
\everyMPshowfont=\toks17
\MPscratchCnt=\count100
\MPscratchDim=\dimen110
\MPnumerator=\count101
\makeMPintoPDFobject=\count102
\everyMPtoPDFconversion=\toks18
) (/usr/share/texlive/texmf-dist/tex/generic/oberdiek/pdftexcmds.sty
Package: pdftexcmds 2011/11/29 v0.20 Utility functions of pdfTeX for LuaTeX (HO
)

(/usr/share/texlive/texmf-dist/tex/generic/oberdiek/ifluatex.sty
Package: ifluatex 2010/03/01 v1.3 Provides the ifluatex switch (HO)
Package ifluatex Info: LuaTeX not detected.
)
(/usr/share/texlive/texmf-dist/tex/generic/oberdiek/ifpdf.sty
Package: ifpdf 2011/01/30 v2.3 Provides the ifpdf switch (HO)
Package ifpdf Info: pdfTeX in PDF mode is detected.
)
Package pdftexcmds Info: LuaTeX not detected.
Package pdftexcmds Info: \pdf@primitive is available.
Package pdftexcmds Info: \pdf@ifprimitive is available.
Package pdftexcmds Info: \pdfdraftmode found.
)
(/usr/share/texlive/texmf-dist/tex/latex/oberdiek/epstopdf-base.sty
Package: epstopdf-base 2010/02/09 v2.5 Base part for package epstopdf

(/usr/share/texlive/texmf-dist/tex/latex/oberdiek/grfext.sty
Package: grfext 2010/08/19 v1.1 Manage graphics extensions (HO)

(/usr/share/texlive/texmf-dist/tex/generic/oberdiek/kvdefinekeys.sty
Package: kvdefinekeys 2011/04/07 v1.3 Define keys (HO)
))
(/usr/share/texlive/texmf-dist/tex/latex/oberdiek/kvoptions.sty
Package: kvoptions 2011/06/30 v3.11 Key value format for package options (HO)

(/usr/share/texlive/texmf-dist/tex/generic/oberdiek/kvsetkeys.sty
Package: kvsetkeys 2012/04/25 v1.16 Key value parser (HO)

(/usr/share/texlive/texmf-dist/tex/generic/oberdiek/etexcmds.sty
Package: etexcmds 2011/02/16 v1.5 Avoid name clashes with e-TeX commands (HO)
Package etexcmds Info: Could not find \expanded.
(etexcmds)             That can mean that you are not using pdfTeX 1.50 or
(etexcmds)             that some package has redefined \expanded.
(etexcmds)             In the latter case, load this package earlier.
)))
Package grfext Info: Graphics extension search list:
(grfext)             [.png,.pdf,.jpg,.mps,.jpeg,.jbig2,.jb2,.PNG,.PDF,.JPG,.JPE
G,.JBIG2,.JB2,.eps]
(grfext)             \AppendGraphicsExtensions on input line 452.

(/usr/share/texlive/texmf-dist/tex/latex/latexconfig/epstopdf-sys.cfg
File: epstopdf-sys.cfg 2010/07/13 v1.3 Configuration of (r)epstopdf for TeX Liv
e
))
\c@lstlisting=\count103

<images/lenna.png, id=1, 370.0224pt x 370.0224pt>
File: images/lenna.png Graphic file (type png)
 <use images/lenna.png>
Package pdftex.def Info: images/lenna.png used on input line 46.
(pdftex.def)             Requested size: 185.01074pt x 185.01074pt.

[1

{/var/lib/texmf/fonts/map/pdftex/updmap/pdftex.map} <./images/lenna.png>]
(./Final_report.toc)
\tf@toc=\write3
\openout3 = `Final_report.toc'.

 [1]
LaTeX Font Info:    Try loading font information for OMS+cmr on input line 65.

(/usr/share/texlive/texmf-dist/tex/latex/base/omscmr.fd
File: omscmr.fd 1999/05/25 v2.5h Standard LaTeX font definitions
)
LaTeX Font Info:    Font shape `OMS/cmr/m/n' in size <10> not available
(Font)              Font shape `OMS/cmsy/m/n' tried instead on input line 65.

Underfull \hbox (badness 10000) in paragraph at lines 74--87

 []


Underfull \hbox (badness 10000) in paragraph at lines 99--100

 []

LaTeX Font Info:    External font `cmex10' loaded for size
(Font)              <7> on input line 101.
LaTeX Font Info:    External font `cmex10' loaded for size
(Font)              <5> on input line 101.

Underfull \hbox (badness 10000) in paragraph at lines 101--106

 []

<images/5tiles.jpeg, id=14, 963.6pt x 1284.8pt>
File: images/5tiles.jpeg Graphic file (type jpg)
 <use images/5tiles.jpeg>
Package pdftex.def Info: images/5tiles.jpeg used on input line 109.
(pdftex.def)             Requested size: 144.53375pt x 192.71169pt.


LaTeX Warning: `!h' float specifier changed to `!ht'.


Underfull \hbox (badness 10000) in paragraph at lines 116--118

 []

[2]
Underfull \hbox (badness 10000) in paragraph at lines 119--120

 []

<images/First_set.jpg, id=22, 642.4pt x 481.8pt>
File: images/First_set.jpg Graphic file (type jpg)
 <use images/First_set.jpg>
Package pdftex.def Info: images/First_set.jpg used on input line 135.
(pdftex.def)             Requested size: 96.35583pt x 72.26688pt.

<images/Second_set.jpg, id=23, 642.4pt x 481.8pt>
File: images/Second_set.jpg Graphic file (type jpg)
 <use images/Second_set.jpg>
Package pdftex.def Info: images/Second_set.jpg used on input line 136.
(pdftex.def)             Requested size: 96.35583pt x 72.26688pt.

<images/Third_set.jpg, id=24, 642.4pt x 481.8pt>
File: images/Third_set.jpg Graphic file (type jpg)
 <use images/Third_set.jpg>
Package pdftex.def Info: images/Third_set.jpg used on input line 137.
(pdftex.def)             Requested size: 96.35583pt x 72.26688pt.

<images/Fourth_set.jpg, id=25, 642.4pt x 481.8pt>
File: images/Fourth_set.jpg Graphic file (type jpg)
 <use images/Fourth_set.jpg>
Package pdftex.def Info: images/Fourth_set.jpg used on input line 138.
(pdftex.def)             Requested size: 96.35583pt x 72.26688pt.

<images/Fifth_set.jpg, id=26, 642.4pt x 481.8pt>
File: images/Fifth_set.jpg Graphic file (type jpg)
 <use images/Fifth_set.jpg>
Package pdftex.def Info: images/Fifth_set.jpg used on input line 139.
(pdftex.def)             Requested size: 96.35583pt x 72.26688pt.

<images/Sixth_set.jpg, id=27, 642.4pt x 481.8pt>
File: images/Sixth_set.jpg Graphic file (type jpg)
 <use images/Sixth_set.jpg>
Package pdftex.def Info: images/Sixth_set.jpg used on input line 140.
(pdftex.def)             Requested size: 96.35583pt x 72.26688pt.

<images/Seventh_set.jpg, id=28, 642.4pt x 481.8pt>
File: images/Seventh_set.jpg Graphic file (type jpg)

<use images/Seventh_set.jpg>
Package pdftex.def Info: images/Seventh_set.jpg used on input line 141.
(pdftex.def)             Requested size: 96.35583pt x 72.26688pt.
 <images/Eigth_set.jpg, id=29, 642.4pt x 481.8pt>
File: images/Eigth_set.jpg Graphic file (type jpg)

<use images/Eigth_set.jpg>
Package pdftex.def Info: images/Eigth_set.jpg used on input line 142.
(pdftex.def)             Requested size: 96.35583pt x 72.26688pt.


LaTeX Warning: `!h' float specifier changed to `!ht'.

<images/frame01.jpg, id=30, 642.4pt x 481.8pt>
File: images/frame01.jpg Graphic file (type jpg)
 <use images/frame01.jpg>
Package pdftex.def Info: images/frame01.jpg used on input line 153.
(pdftex.def)             Requested size: 192.72148pt x 144.5411pt.


LaTeX Warning: `!h' float specifier changed to `!ht'.

<images/edges.jpg, id=31, 642.4pt x 481.8pt>
File: images/edges.jpg Graphic file (type jpg)
 <use images/edges.jpg>
Package pdftex.def Info: images/edges.jpg used on input line 161.
(pdftex.def)             Requested size: 192.72148pt x 144.5411pt.

<images/cavitycontours.jpg, id=32, 642.4pt x 481.8pt>
File: images/cavitycontours.jpg Graphic file (type jpg)

<use images/cavitycontours.jpg>
Package pdftex.def Info: images/cavitycontours.jpg used on input line 168.
(pdftex.def)             Requested size: 192.72148pt x 144.5411pt.
 <images/line.jpg, id=33, 642.4pt x 481.8pt>
File: images/line.jpg Graphic file (type jpg)

<use images/line.jpg>
Package pdftex.def Info: images/line.jpg used on input line 175.
(pdftex.def)             Requested size: 192.72148pt x 144.5411pt.
 [3 <./images/5tiles.jpeg>]

LaTeX Warning: `!h' float specifier changed to `!ht'.

[4 <./images/First_set.jpg> <./images/Second_set.jpg> <./images/Third_set.jpg> 
<./images/Fourth_set.jpg> <./images/Fifth_set.jpg> <./images/Sixth_set.jpg> <./
images/Seventh_set.jpg> <./images/Eigth_set.jpg> <./images/frame01.jpg> <./imag
es/edges.jpg>]
Underfull \hbox (badness 10000) in paragraph at lines 186--191

 []

<images/cropped.jpg, id=40, 455.7025pt x 148.555pt>
File: images/cropped.jpg Graphic file (type jpg)
 <use images/cropped.jpg>
Package pdftex.def Info: images/cropped.jpg used on input line 194.
(pdftex.def)             Requested size: 136.71179pt x 44.56683pt.


LaTeX Warning: `!h' float specifier changed to `!ht'.

<images/5tiles.jpg, id=41, 455.7025pt x 148.555pt>
File: images/5tiles.jpg Graphic file (type jpg)
 <use images/5tiles.jpg>
Package pdftex.def Info: images/5tiles.jpg used on input line 201.
(pdftex.def)             Requested size: 136.71179pt x 44.56683pt.

<images/Corners.jpg, id=42, 50.1875pt x 50.1875pt>
File: images/Corners.jpg Graphic file (type jpg)
 <use images/Corners.jpg>
Package pdftex.def Info: images/Corners.jpg used on input line 208.
(pdftex.def)             Requested size: 50.18736pt x 50.18736pt.

<images/homography.jpg, id=43, 1003.75pt x 200.75pt>
File: images/homography.jpg Graphic file (type jpg)

<use images/homography.jpg>
Package pdftex.def Info: images/homography.jpg used on input line 215.
(pdftex.def)             Requested size: 301.12732pt x 60.22545pt.
 <images/tile0.jpg, id=44, 200.75pt x 200.75pt>
File: images/tile0.jpg Graphic file (type jpg)

<use images/tile0.jpg>
Package pdftex.def Info: images/tile0.jpg used on input line 223.
(pdftex.def)             Requested size: 60.22545pt x 60.22545pt.
 <images/tile1.jpg, id=45, 200.75pt x 200.75pt>
File: images/tile1.jpg Graphic file (type jpg)

<use images/tile1.jpg>
Package pdftex.def Info: images/tile1.jpg used on input line 225.
(pdftex.def)             Requested size: 60.22545pt x 60.22545pt.
 <images/tile2.jpg, id=46, 200.75pt x 200.75pt>
File: images/tile2.jpg Graphic file (type jpg)

<use images/tile2.jpg>
Package pdftex.def Info: images/tile2.jpg used on input line 227.
(pdftex.def)             Requested size: 60.22545pt x 60.22545pt.
 <images/tile3.jpg, id=47, 200.75pt x 200.75pt>
File: images/tile3.jpg Graphic file (type jpg)

<use images/tile3.jpg>
Package pdftex.def Info: images/tile3.jpg used on input line 229.
(pdftex.def)             Requested size: 60.22545pt x 60.22545pt.
 <images/tile4.jpg, id=48, 200.75pt x 200.75pt>
File: images/tile4.jpg Graphic file (type jpg)

<use images/tile4.jpg>
Package pdftex.def Info: images/tile4.jpg used on input line 231.
(pdftex.def)             Requested size: 60.22545pt x 60.22545pt.
 [5 <./images/cavitycontours.jpg> <./images/line.jpg>]
[6 <./images/cropped.jpg> <./images/5tiles.jpg> <./images/Corners.jpg> <./image
s/homography.jpg> <./images/tile0.jpg> <./images/tile1.jpg> <./images/tile2.jpg
> <./images/tile3.jpg> <./images/tile4.jpg>]
Overfull \hbox (33.18509pt too wide) in paragraph at lines 247--248
[]\OT1/cmr/m/n/10 Webpage, last viewed 13.12.17 20:25, https://docs.opencv.org/
3.1.0/dc/da5/tutorial[]py[]drawing[]functions.html 
 []


AED: lastpage setting LastPage
[7] (./Final_report.aux) ) 
Here is how much of TeX's memory you used:
 3502 strings out of 495028
 51247 string characters out of 6181497
 204088 words of memory out of 5000000
 6656 multiletter control sequences out of 15000+600000
 5764 words of font info for 21 fonts, out of 8000000 for 9000
 14 hyphenation exceptions out of 8191
 38i,10n,43p,667b,273s stack positions out of 5000i,500n,10000p,200000b,80000s
</usr/share/texlive/texmf-dist/fonts/type1/public/ams
fonts/cm/cmbx10.pfb></usr/share/texlive/texmf-dist/fonts/type1/public/amsfonts/
cm/cmbx12.pfb></usr/share/texlive/texmf-dist/fonts/type1/public/amsfonts/cm/cmm
i10.pfb></usr/share/texlive/texmf-dist/fonts/type1/public/amsfonts/cm/cmmi5.pfb
></usr/share/texlive/texmf-dist/fonts/type1/public/amsfonts/cm/cmmi7.pfb></usr/
share/texlive/texmf-dist/fonts/type1/public/amsfonts/cm/cmr10.pfb></usr/share/t
exlive/texmf-dist/fonts/type1/public/amsfonts/cm/cmr12.pfb></usr/share/texlive/
texmf-dist/fonts/type1/public/amsfonts/cm/cmr7.pfb></usr/share/texlive/texmf-di
st/fonts/type1/public/amsfonts/cm/cmsy10.pfb></usr/share/texlive/texmf-dist/fon
ts/type1/public/amsfonts/cm/cmsy7.pfb>
Output written on Final_report.pdf (8 pages, 1843873 bytes).
PDF statistics:
 94 PDF objects out of 1000 (max. 8388607)
 50 compressed objects within 1 object stream
 0 named destinations out of 1000 (max. 500000)
 116 words of extra memory for PDF output out of 10000 (max. 10000000)

