This is pdfTeX, Version 3.1415926-2.5-1.40.14 (TeX Live 2013/Debian) (format=pdflatex 2017.9.11)  21 DEC 2017 09:25
entering extended mode
 restricted \write18 enabled.
 %&-line parsing enabled.
**FinalReport.tex
(./FinalReport.tex
LaTeX2e <2011/06/27>
Babel <3.9h> and hyphenation patterns for 4 languages loaded.
(/usr/share/texlive/texmf-dist/tex/latex/base/article.cls
Document Class: article 2007/10/19 v1.4h Standard LaTeX document class
(/usr/share/texlive/texmf-dist/tex/latex/base/size10.clo
File: size10.clo 2007/10/19 v1.4h Standard LaTeX file (size option)
)
\c@part=\count79
\c@section=\count80
\c@subsection=\count81
\c@subsubsection=\count82
\c@paragraph=\count83
\c@subparagraph=\count84
\c@figure=\count85
\c@table=\count86
\abovecaptionskip=\skip41
\belowcaptionskip=\skip42
\bibindent=\dimen102
)
(/usr/share/texlive/texmf-dist/tex/latex/fancyhdr/fancyhdr.sty
\fancy@headwidth=\skip43
\f@ncyO@elh=\skip44
\f@ncyO@erh=\skip45
\f@ncyO@olh=\skip46
\f@ncyO@orh=\skip47
\f@ncyO@elf=\skip48
\f@ncyO@erf=\skip49
\f@ncyO@olf=\skip50
\f@ncyO@orf=\skip51
)
(/usr/share/texlive/texmf-dist/tex/latex/lastpage/lastpage.sty
Package: lastpage 2013/01/28 v1.2l Refers to last page's name (HMM; JPG)
)
(/usr/share/texlive/texmf-dist/tex/latex/fancyhdr/extramarks.sty
\@temptokenb=\toks14
)
(/usr/share/texlive/texmf-dist/tex/latex/graphics/color.sty
Package: color 2005/11/14 v1.0j Standard LaTeX Color (DPC)

(/usr/share/texlive/texmf-dist/tex/latex/latexconfig/color.cfg
File: color.cfg 2007/01/18 v1.5 color configuration of teTeX/TeXLive
)
Package color Info: Driver file: pdftex.def on input line 130.

(/usr/share/texlive/texmf-dist/tex/latex/pdftex-def/pdftex.def
File: pdftex.def 2011/05/27 v0.06d Graphics/color for pdfTeX

(/usr/share/texlive/texmf-dist/tex/generic/oberdiek/infwarerr.sty
Package: infwarerr 2010/04/08 v1.3 Providing info/warning/error messages (HO)
)
(/usr/share/texlive/texmf-dist/tex/generic/oberdiek/ltxcmds.sty
Package: ltxcmds 2011/11/09 v1.22 LaTeX kernel commands for general use (HO)
)
\Gread@gobject=\count87
)
(/usr/share/texlive/texmf-dist/tex/latex/graphics/dvipsnam.def
File: dvipsnam.def 1999/02/16 v3.0i Driver-dependant file (DPC,SPQR)
))
(/usr/share/texlive/texmf-dist/tex/latex/graphics/graphicx.sty
Package: graphicx 1999/02/16 v1.0f Enhanced LaTeX Graphics (DPC,SPQR)

(/usr/share/texlive/texmf-dist/tex/latex/graphics/keyval.sty
Package: keyval 1999/03/16 v1.13 key=value parser (DPC)
\KV@toks@=\toks15
)
(/usr/share/texlive/texmf-dist/tex/latex/graphics/graphics.sty
Package: graphics 2009/02/05 v1.0o Standard LaTeX Graphics (DPC,SPQR)

(/usr/share/texlive/texmf-dist/tex/latex/graphics/trig.sty
Package: trig 1999/03/16 v1.09 sin cos tan (DPC)
)
(/usr/share/texlive/texmf-dist/tex/latex/latexconfig/graphics.cfg
File: graphics.cfg 2010/04/23 v1.9 graphics configuration of TeX Live
)
Package graphics Info: Driver file: pdftex.def on input line 91.
)
\Gin@req@height=\dimen103
\Gin@req@width=\dimen104
)
(/usr/share/texlive/texmf-dist/tex/latex/listings/listings.sty
\lst@mode=\count88
\lst@gtempboxa=\box26
\lst@token=\toks16
\lst@length=\count89
\lst@currlwidth=\dimen105
\lst@column=\count90
\lst@pos=\count91
\lst@lostspace=\dimen106
\lst@width=\dimen107
\lst@newlines=\count92
\lst@lineno=\count93
\lst@maxwidth=\dimen108

(/usr/share/texlive/texmf-dist/tex/latex/listings/lstmisc.sty
File: lstmisc.sty 2013/08/26 1.5b (Carsten Heinz)
\c@lstnumber=\count94
\lst@skipnumbers=\count95
\lst@framebox=\box27
)
(/usr/share/texlive/texmf-dist/tex/latex/listings/listings.cfg
File: listings.cfg 2013/08/26 1.5b listings configuration
))
Package: listings 2013/08/26 1.5b (Carsten Heinz)

(/usr/share/texlive/texmf-dist/tex/latex/psnfss/courier.sty
Package: courier 2005/04/12 PSNFSS-v9.2a (WaS) 
)
(/usr/share/texlive/texmf-dist/tex/latex/lipsum/lipsum.sty
Package: lipsum 2011/04/14 v1.2 150 paragraphs of Lorem Ipsum dummy text
\c@lips@count=\count96
)
(/usr/share/texlive/texmf-dist/tex/latex/titling/titling.sty
Package: titling 2009/09/04 v2.1d maketitle typesetting
\thanksmarkwidth=\skip52
\thanksmargin=\skip53
\droptitle=\skip54
)
(/usr/share/texlive/texmf-dist/tex/latex/booktabs/booktabs.sty
Package: booktabs 2005/04/14 v1.61803 publication quality tables
\heavyrulewidth=\dimen109
\lightrulewidth=\dimen110
\cmidrulewidth=\dimen111
\belowrulesep=\dimen112
\belowbottomsep=\dimen113
\aboverulesep=\dimen114
\abovetopsep=\dimen115
\cmidrulesep=\dimen116
\cmidrulekern=\dimen117
\defaultaddspace=\dimen118
\@cmidla=\count97
\@cmidlb=\count98
\@aboverulesep=\dimen119
\@belowrulesep=\dimen120
\@thisruleclass=\count99
\@lastruleclass=\count100
\@thisrulewidth=\dimen121
)
(/usr/share/texmf/tex/latex/pgf/frontendlayer/tikz.sty
(/usr/share/texmf/tex/latex/pgf/basiclayer/pgf.sty
(/usr/share/texmf/tex/latex/pgf/utilities/pgfrcs.sty
(/usr/share/texmf/tex/generic/pgf/utilities/pgfutil-common.tex
\pgfutil@everybye=\toks17
)
(/usr/share/texmf/tex/generic/pgf/utilities/pgfutil-latex.def
\pgfutil@abb=\box28

(/usr/share/texlive/texmf-dist/tex/latex/ms/everyshi.sty
Package: everyshi 2001/05/15 v3.00 EveryShipout Package (MS)
))
(/usr/share/texmf/tex/generic/pgf/utilities/pgfrcs.code.tex
Package: pgfrcs 2010/10/25 v2.10 (rcs-revision 1.24)
))
Package: pgf 2008/01/15 v2.10 (rcs-revision 1.12)

(/usr/share/texmf/tex/latex/pgf/basiclayer/pgfcore.sty
(/usr/share/texmf/tex/latex/pgf/systemlayer/pgfsys.sty
(/usr/share/texmf/tex/generic/pgf/systemlayer/pgfsys.code.tex
Package: pgfsys 2010/06/30 v2.10 (rcs-revision 1.37)

(/usr/share/texmf/tex/generic/pgf/utilities/pgfkeys.code.tex
\pgfkeys@pathtoks=\toks18
\pgfkeys@temptoks=\toks19

(/usr/share/texmf/tex/generic/pgf/utilities/pgfkeysfiltered.code.tex
\pgfkeys@tmptoks=\toks20
))
\pgf@x=\dimen122
\pgf@y=\dimen123
\pgf@xa=\dimen124
\pgf@ya=\dimen125
\pgf@xb=\dimen126
\pgf@yb=\dimen127
\pgf@xc=\dimen128
\pgf@yc=\dimen129
\w@pgf@writea=\write3
\r@pgf@reada=\read1
\c@pgf@counta=\count101
\c@pgf@countb=\count102
\c@pgf@countc=\count103
\c@pgf@countd=\count104

(/usr/share/texmf/tex/generic/pgf/systemlayer/pgf.cfg
File: pgf.cfg 2008/05/14  (rcs-revision 1.7)
)
Package pgfsys Info: Driver file for pgf: pgfsys-pdftex.def on input line 900.

(/usr/share/texmf/tex/generic/pgf/systemlayer/pgfsys-pdftex.def
File: pgfsys-pdftex.def 2009/05/22  (rcs-revision 1.26)

(/usr/share/texmf/tex/generic/pgf/systemlayer/pgfsys-common-pdf.def
File: pgfsys-common-pdf.def 2008/05/19  (rcs-revision 1.10)
)))
(/usr/share/texmf/tex/generic/pgf/systemlayer/pgfsyssoftpath.code.tex
File: pgfsyssoftpath.code.tex 2008/07/18  (rcs-revision 1.7)
\pgfsyssoftpath@smallbuffer@items=\count105
\pgfsyssoftpath@bigbuffer@items=\count106
)
(/usr/share/texmf/tex/generic/pgf/systemlayer/pgfsysprotocol.code.tex
File: pgfsysprotocol.code.tex 2006/10/16  (rcs-revision 1.4)
))
(/usr/share/texmf/tex/latex/xcolor/xcolor.sty
Package: xcolor 2007/01/21 v2.11 LaTeX color extensions (UK)

(/usr/share/texlive/texmf-dist/tex/latex/latexconfig/color.cfg
File: color.cfg 2007/01/18 v1.5 color configuration of teTeX/TeXLive
)
Package xcolor Info: Driver file: pdftex.def on input line 225.
LaTeX Info: Redefining \color on input line 702.
Package xcolor Info: Model `cmy' substituted by `cmy0' on input line 1337.
Package xcolor Info: Model `hsb' substituted by `rgb' on input line 1341.
Package xcolor Info: Model `RGB' extended on input line 1353.
Package xcolor Info: Model `HTML' substituted by `rgb' on input line 1355.
Package xcolor Info: Model `Hsb' substituted by `hsb' on input line 1356.
Package xcolor Info: Model `tHsb' substituted by `hsb' on input line 1357.
Package xcolor Info: Model `HSB' substituted by `hsb' on input line 1358.
Package xcolor Info: Model `Gray' substituted by `gray' on input line 1359.
Package xcolor Info: Model `wave' substituted by `hsb' on input line 1360.
)
(/usr/share/texmf/tex/generic/pgf/basiclayer/pgfcore.code.tex
Package: pgfcore 2010/04/11 v2.10 (rcs-revision 1.7)

(/usr/share/texmf/tex/generic/pgf/math/pgfmath.code.tex
(/usr/share/texmf/tex/generic/pgf/math/pgfmathcalc.code.tex
(/usr/share/texmf/tex/generic/pgf/math/pgfmathutil.code.tex)
(/usr/share/texmf/tex/generic/pgf/math/pgfmathparser.code.tex
\pgfmath@dimen=\dimen130
\pgfmath@count=\count107
\pgfmath@box=\box29
\pgfmath@toks=\toks21
\pgfmath@stack@operand=\toks22
\pgfmath@stack@operation=\toks23
)
(/usr/share/texmf/tex/generic/pgf/math/pgfmathfunctions.code.tex
(/usr/share/texmf/tex/generic/pgf/math/pgfmathfunctions.basic.code.tex)
(/usr/share/texmf/tex/generic/pgf/math/pgfmathfunctions.trigonometric.code.tex)
(/usr/share/texmf/tex/generic/pgf/math/pgfmathfunctions.random.code.tex)
(/usr/share/texmf/tex/generic/pgf/math/pgfmathfunctions.comparison.code.tex)
(/usr/share/texmf/tex/generic/pgf/math/pgfmathfunctions.base.code.tex)
(/usr/share/texmf/tex/generic/pgf/math/pgfmathfunctions.round.code.tex)
(/usr/share/texmf/tex/generic/pgf/math/pgfmathfunctions.misc.code.tex)))
(/usr/share/texmf/tex/generic/pgf/math/pgfmathfloat.code.tex
\c@pgfmathroundto@lastzeros=\count108
))
(/usr/share/texmf/tex/generic/pgf/basiclayer/pgfcorepoints.code.tex
File: pgfcorepoints.code.tex 2010/04/09  (rcs-revision 1.20)
\pgf@picminx=\dimen131
\pgf@picmaxx=\dimen132
\pgf@picminy=\dimen133
\pgf@picmaxy=\dimen134
\pgf@pathminx=\dimen135
\pgf@pathmaxx=\dimen136
\pgf@pathminy=\dimen137
\pgf@pathmaxy=\dimen138
\pgf@xx=\dimen139
\pgf@xy=\dimen140
\pgf@yx=\dimen141
\pgf@yy=\dimen142
\pgf@zx=\dimen143
\pgf@zy=\dimen144
)
(/usr/share/texmf/tex/generic/pgf/basiclayer/pgfcorepathconstruct.code.tex
File: pgfcorepathconstruct.code.tex 2010/08/03  (rcs-revision 1.24)
\pgf@path@lastx=\dimen145
\pgf@path@lasty=\dimen146
)
(/usr/share/texmf/tex/generic/pgf/basiclayer/pgfcorepathusage.code.tex
File: pgfcorepathusage.code.tex 2008/04/22  (rcs-revision 1.12)
\pgf@shorten@end@additional=\dimen147
\pgf@shorten@start@additional=\dimen148
)
(/usr/share/texmf/tex/generic/pgf/basiclayer/pgfcorescopes.code.tex
File: pgfcorescopes.code.tex 2010/09/08  (rcs-revision 1.34)
\pgfpic=\box30
\pgf@hbox=\box31
\pgf@layerbox@main=\box32
\pgf@picture@serial@count=\count109
)
(/usr/share/texmf/tex/generic/pgf/basiclayer/pgfcoregraphicstate.code.tex
File: pgfcoregraphicstate.code.tex 2008/04/22  (rcs-revision 1.9)
\pgflinewidth=\dimen149
)
(/usr/share/texmf/tex/generic/pgf/basiclayer/pgfcoretransformations.code.tex
File: pgfcoretransformations.code.tex 2009/06/10  (rcs-revision 1.11)
\pgf@pt@x=\dimen150
\pgf@pt@y=\dimen151
\pgf@pt@temp=\dimen152
)
(/usr/share/texmf/tex/generic/pgf/basiclayer/pgfcorequick.code.tex
File: pgfcorequick.code.tex 2008/10/09  (rcs-revision 1.3)
)
(/usr/share/texmf/tex/generic/pgf/basiclayer/pgfcoreobjects.code.tex
File: pgfcoreobjects.code.tex 2006/10/11  (rcs-revision 1.2)
)
(/usr/share/texmf/tex/generic/pgf/basiclayer/pgfcorepathprocessing.code.tex
File: pgfcorepathprocessing.code.tex 2008/10/09  (rcs-revision 1.8)
)
(/usr/share/texmf/tex/generic/pgf/basiclayer/pgfcorearrows.code.tex
File: pgfcorearrows.code.tex 2008/04/23  (rcs-revision 1.11)
)
(/usr/share/texmf/tex/generic/pgf/basiclayer/pgfcoreshade.code.tex
File: pgfcoreshade.code.tex 2008/11/23  (rcs-revision 1.13)
\pgf@max=\dimen153
\pgf@sys@shading@range@num=\count110
)
(/usr/share/texmf/tex/generic/pgf/basiclayer/pgfcoreimage.code.tex
File: pgfcoreimage.code.tex 2010/03/25  (rcs-revision 1.16)

(/usr/share/texmf/tex/generic/pgf/basiclayer/pgfcoreexternal.code.tex
File: pgfcoreexternal.code.tex 2010/09/01  (rcs-revision 1.17)
\pgfexternal@startupbox=\box33
))
(/usr/share/texmf/tex/generic/pgf/basiclayer/pgfcorelayers.code.tex
File: pgfcorelayers.code.tex 2010/08/27  (rcs-revision 1.2)
)
(/usr/share/texmf/tex/generic/pgf/basiclayer/pgfcoretransparency.code.tex
File: pgfcoretransparency.code.tex 2008/01/17  (rcs-revision 1.2)
)
(/usr/share/texmf/tex/generic/pgf/basiclayer/pgfcorepatterns.code.tex
File: pgfcorepatterns.code.tex 2009/07/02  (rcs-revision 1.3)
)))
(/usr/share/texmf/tex/generic/pgf/modules/pgfmoduleshapes.code.tex
File: pgfmoduleshapes.code.tex 2010/09/09  (rcs-revision 1.13)
\pgfnodeparttextbox=\box34
)
(/usr/share/texmf/tex/generic/pgf/modules/pgfmoduleplot.code.tex
File: pgfmoduleplot.code.tex 2010/10/22  (rcs-revision 1.8)
)
(/usr/share/texmf/tex/latex/pgf/compatibility/pgfcomp-version-0-65.sty
Package: pgfcomp-version-0-65 2007/07/03 v2.10 (rcs-revision 1.7)
\pgf@nodesepstart=\dimen154
\pgf@nodesepend=\dimen155
)
(/usr/share/texmf/tex/latex/pgf/compatibility/pgfcomp-version-1-18.sty
Package: pgfcomp-version-1-18 2007/07/23 v2.10 (rcs-revision 1.1)
))
(/usr/share/texmf/tex/latex/pgf/utilities/pgffor.sty
(/usr/share/texmf/tex/latex/pgf/utilities/pgfkeys.sty
(/usr/share/texmf/tex/generic/pgf/utilities/pgfkeys.code.tex))
(/usr/share/texmf/tex/generic/pgf/utilities/pgffor.code.tex
Package: pgffor 2010/03/23 v2.10 (rcs-revision 1.18)
\pgffor@iter=\dimen156
\pgffor@skip=\dimen157
\pgffor@stack=\toks24
\pgffor@toks=\toks25
))
(/usr/share/texmf/tex/generic/pgf/frontendlayer/tikz/tikz.code.tex
Package: tikz 2010/10/13 v2.10 (rcs-revision 1.76)

(/usr/share/texmf/tex/generic/pgf/libraries/pgflibraryplothandlers.code.tex
File: pgflibraryplothandlers.code.tex 2010/05/31 v2.10 (rcs-revision 1.15)
\pgf@plot@mark@count=\count111
\pgfplotmarksize=\dimen158
)
\tikz@lastx=\dimen159
\tikz@lasty=\dimen160
\tikz@lastxsaved=\dimen161
\tikz@lastysaved=\dimen162
\tikzleveldistance=\dimen163
\tikzsiblingdistance=\dimen164
\tikz@figbox=\box35
\tikz@tempbox=\box36
\tikztreelevel=\count112
\tikznumberofchildren=\count113
\tikznumberofcurrentchild=\count114
\tikz@fig@count=\count115

(/usr/share/texmf/tex/generic/pgf/modules/pgfmodulematrix.code.tex
File: pgfmodulematrix.code.tex 2010/08/24  (rcs-revision 1.4)
\pgfmatrixcurrentrow=\count116
\pgfmatrixcurrentcolumn=\count117
\pgf@matrix@numberofcolumns=\count118
)
\tikz@expandcount=\count119

(/usr/share/texmf/tex/generic/pgf/frontendlayer/tikz/libraries/tikzlibrarytopat
hs.code.tex
File: tikzlibrarytopaths.code.tex 2008/06/17 v2.10 (rcs-revision 1.2)
))) (/usr/share/texlive/texmf-dist/tex/latex/tools/calc.sty
Package: calc 2007/08/22 v4.3 Infix arithmetic (KKT,FJ)
\calc@Acount=\count120
\calc@Bcount=\count121
\calc@Adimen=\dimen165
\calc@Bdimen=\dimen166
\calc@Askip=\skip55
\calc@Bskip=\skip56
LaTeX Info: Redefining \setlength on input line 76.
LaTeX Info: Redefining \addtolength on input line 77.
\calc@Ccount=\count122
\calc@Cskip=\skip57
)
(./FinalReport.aux)
\openout1 = `FinalReport.aux'.

LaTeX Font Info:    Checking defaults for OML/cmm/m/it on input line 49.
LaTeX Font Info:    ... okay on input line 49.
LaTeX Font Info:    Checking defaults for T1/cmr/m/n on input line 49.
LaTeX Font Info:    ... okay on input line 49.
LaTeX Font Info:    Checking defaults for OT1/cmr/m/n on input line 49.
LaTeX Font Info:    ... okay on input line 49.
LaTeX Font Info:    Checking defaults for OMS/cmsy/m/n on input line 49.
LaTeX Font Info:    ... okay on input line 49.
LaTeX Font Info:    Checking defaults for OMX/cmex/m/n on input line 49.
LaTeX Font Info:    ... okay on input line 49.
LaTeX Font Info:    Checking defaults for U/cmr/m/n on input line 49.
LaTeX Font Info:    ... okay on input line 49.
Package lastpage Info: Please have a look at the pageslts package at
(lastpage)             http://www.ctan.org/tex-archive/ 
(lastpage)             macros/latex/contrib/pageslts/ 
(lastpage)             or
(lastpage)             http://www.ctan.org/tex-archive/ 
(lastpage)             install/macros/latex/contrib/pageslts.tds.zip
(lastpage)             ! on input line 49.

(/usr/share/texlive/texmf-dist/tex/context/base/supp-pdf.mkii
[Loading MPS to PDF converter (version 2006.09.02).]
\scratchcounter=\count123
\scratchdimen=\dimen167
\scratchbox=\box37
\nofMPsegments=\count124
\nofMParguments=\count125
\everyMPshowfont=\toks26
\MPscratchCnt=\count126
\MPscratchDim=\dimen168
\MPnumerator=\count127
\makeMPintoPDFobject=\count128
\everyMPtoPDFconversion=\toks27
) (/usr/share/texlive/texmf-dist/tex/generic/oberdiek/pdftexcmds.sty
Package: pdftexcmds 2011/11/29 v0.20 Utility functions of pdfTeX for LuaTeX (HO
)

(/usr/share/texlive/texmf-dist/tex/generic/oberdiek/ifluatex.sty
Package: ifluatex 2010/03/01 v1.3 Provides the ifluatex switch (HO)
Package ifluatex Info: LuaTeX not detected.
)
(/usr/share/texlive/texmf-dist/tex/generic/oberdiek/ifpdf.sty
Package: ifpdf 2011/01/30 v2.3 Provides the ifpdf switch (HO)
Package ifpdf Info: pdfTeX in PDF mode is detected.
)
Package pdftexcmds Info: LuaTeX not detected.
Package pdftexcmds Info: \pdf@primitive is available.
Package pdftexcmds Info: \pdf@ifprimitive is available.
Package pdftexcmds Info: \pdfdraftmode found.
)
(/usr/share/texlive/texmf-dist/tex/latex/oberdiek/epstopdf-base.sty
Package: epstopdf-base 2010/02/09 v2.5 Base part for package epstopdf

(/usr/share/texlive/texmf-dist/tex/latex/oberdiek/grfext.sty
Package: grfext 2010/08/19 v1.1 Manage graphics extensions (HO)

(/usr/share/texlive/texmf-dist/tex/generic/oberdiek/kvdefinekeys.sty
Package: kvdefinekeys 2011/04/07 v1.3 Define keys (HO)
))
(/usr/share/texlive/texmf-dist/tex/latex/oberdiek/kvoptions.sty
Package: kvoptions 2011/06/30 v3.11 Key value format for package options (HO)

(/usr/share/texlive/texmf-dist/tex/generic/oberdiek/kvsetkeys.sty
Package: kvsetkeys 2012/04/25 v1.16 Key value parser (HO)

(/usr/share/texlive/texmf-dist/tex/generic/oberdiek/etexcmds.sty
Package: etexcmds 2011/02/16 v1.5 Avoid name clashes with e-TeX commands (HO)
Package etexcmds Info: Could not find \expanded.
(etexcmds)             That can mean that you are not using pdfTeX 1.50 or
(etexcmds)             that some package has redefined \expanded.
(etexcmds)             In the latter case, load this package earlier.
)))
Package grfext Info: Graphics extension search list:
(grfext)             [.png,.pdf,.jpg,.mps,.jpeg,.jbig2,.jb2,.PNG,.PDF,.JPG,.JPE
G,.JBIG2,.JB2,.eps]
(grfext)             \AppendGraphicsExtensions on input line 452.

(/usr/share/texlive/texmf-dist/tex/latex/latexconfig/epstopdf-sys.cfg
File: epstopdf-sys.cfg 2010/07/13 v1.3 Configuration of (r)epstopdf for TeX Liv
e
))
\c@lstlisting=\count129

ABD: EveryShipout initializing macros
<images/FrontPicture.jpg, id=4, 4047.12pt x 3035.34pt>
File: images/FrontPicture.jpg Graphic file (type jpg)

<use images/FrontPicture.jpg>
Package pdftex.def Info: images/FrontPicture.jpg used on input line 51.
(pdftex.def)             Requested size: 303.5209pt x 227.64067pt.
 [1

{/var/lib/texmf/fonts/map/pdftex/updmap/pdftex.map} <./images/FrontPicture.jpg>
] (./FinalReport.toc
LaTeX Font Info:    External font `cmex10' loaded for size
(Font)              <7> on input line 3.
LaTeX Font Info:    External font `cmex10' loaded for size
(Font)              <5> on input line 3.
)
\tf@toc=\write4
\openout4 = `FinalReport.toc'.

 [1]
LaTeX Font Info:    Try loading font information for OMS+cmr on input line 74.

(/usr/share/texlive/texmf-dist/tex/latex/base/omscmr.fd
File: omscmr.fd 1999/05/25 v2.5h Standard LaTeX font definitions
)
LaTeX Font Info:    Font shape `OMS/cmr/m/n' in size <10> not available
(Font)              Font shape `OMS/cmsy/m/n' tried instead on input line 74.

<images/PPT_Platform.png, id=17, 386.94562pt x 208.52907pt>
File: images/PPT_Platform.png Graphic file (type png)

<use images/PPT_Platform.png>
Package pdftex.def Info: images/PPT_Platform.png used on input line 131.
(pdftex.def)             Requested size: 193.47234pt x 104.26427pt.
 [2 <./images/PPT_Platform.png>]
Underfull \hbox (badness 10000) in paragraph at lines 145--148

 []

<images/AllParts.jpg, id=24, 479.7925pt x 265.99374pt>
File: images/AllParts.jpg Graphic file (type jpg)

<use images/AllParts.jpg>
Package pdftex.def Info: images/AllParts.jpg used on input line 179.
(pdftex.def)             Requested size: 239.89565pt x 132.99654pt.

<images/AllTiles.png, id=25, 539.76656pt x 175.40532pt>
File: images/AllTiles.png Graphic file (type png)

<use images/AllTiles.png>
Package pdftex.def Info: images/AllTiles.png used on input line 192.
(pdftex.def)             Requested size: 539.76524pt x 175.40488pt.

Overfull \hbox (70.01025pt too wide) in paragraph at lines 192--193
 [][] 
 []


LaTeX Warning: `!h' float specifier changed to `!ht'.

[3 <./images/AllParts.jpg>]
<images/camera.jpeg, id=29, 385.44pt x 131.49126pt>
File: images/camera.jpeg Graphic file (type jpg)
 <use images/camera.jpeg>
Package pdftex.def Info: images/camera.jpeg used on input line 227.
(pdftex.def)             Requested size: 192.71953pt x 65.74545pt.

[4 <./images/AllTiles.png> <./images/camera.jpeg>]
Underfull \hbox (badness 10000) in paragraph at lines 236--237

 []


Underfull \hbox (badness 10000) in paragraph at lines 238--243

 []

<images/5tiles.jpeg, id=34, 963.6pt x 1284.8pt>
File: images/5tiles.jpeg Graphic file (type jpg)
 <use images/5tiles.jpeg>
Package pdftex.def Info: images/5tiles.jpeg used on input line 246.
(pdftex.def)             Requested size: 144.53375pt x 192.71169pt.

Underfull \hbox (badness 10000) in paragraph at lines 258--260

 []

<images/frame01.jpg, id=35, 642.4pt x 481.8pt>
File: images/frame01.jpg Graphic file (type jpg)
 <use images/frame01.jpg>
Package pdftex.def Info: images/frame01.jpg used on input line 272.
(pdftex.def)             Requested size: 192.72148pt x 144.5411pt.


LaTeX Warning: `!h' float specifier changed to `!ht'.

<images/edges.jpg, id=36, 642.4pt x 481.8pt>
File: images/edges.jpg Graphic file (type jpg)
 <use images/edges.jpg>
Package pdftex.def Info: images/edges.jpg used on input line 281.
(pdftex.def)             Requested size: 192.72148pt x 144.5411pt.
 [5 <./images/5tiles.jpeg>] <images/cavitycontours.jpg, id=43, 642.4pt x 481.8p
t>
File: images/cavitycontours.jpg Graphic file (type jpg)

<use images/cavitycontours.jpg>
Package pdftex.def Info: images/cavitycontours.jpg used on input line 290.
(pdftex.def)             Requested size: 192.72148pt x 144.5411pt.


LaTeX Warning: `!h' float specifier changed to `!ht'.

<images/line.jpg, id=44, 642.4pt x 481.8pt>
File: images/line.jpg Graphic file (type jpg)
 <use images/line.jpg>
Package pdftex.def Info: images/line.jpg used on input line 299.
(pdftex.def)             Requested size: 192.72148pt x 144.5411pt.


LaTeX Warning: `!h' float specifier changed to `!ht'.

[6 <./images/frame01.jpg> <./images/edges.jpg>]
Underfull \hbox (badness 10000) in paragraph at lines 312--317

 []

<images/cropped.jpg, id=49, 569.12625pt x 169.63374pt>
File: images/cropped.jpg Graphic file (type jpg)

<use images/cropped.jpg>
Package pdftex.def Info: images/cropped.jpg used on input line 320.
(pdftex.def)             Requested size: 170.73918pt x 50.8905pt.


LaTeX Warning: `!h' float specifier changed to `!ht'.

<images/5tiles.jpg, id=50, 569.12625pt x 169.63374pt>
File: images/5tiles.jpg Graphic file (type jpg)
 <use images/5tiles.jpg>
Package pdftex.def Info: images/5tiles.jpg used on input line 330.
(pdftex.def)             Requested size: 170.73918pt x 50.8905pt.

<images/Corners.jpg, id=51, 50.1875pt x 50.1875pt>
File: images/Corners.jpg Graphic file (type jpg)
 <use images/Corners.jpg>
Package pdftex.def Info: images/Corners.jpg used on input line 337.
(pdftex.def)             Requested size: 50.18736pt x 50.18736pt.

[7 <./images/cavitycontours.jpg> <./images/line.jpg>]
<images/homography.jpg, id=57, 1003.75pt x 200.75pt>
File: images/homography.jpg Graphic file (type jpg)

<use images/homography.jpg>
Package pdftex.def Info: images/homography.jpg used on input line 346.
(pdftex.def)             Requested size: 301.12732pt x 60.22545pt.
 <images/tile0.jpg, id=58, 200.75pt x 200.75pt>
File: images/tile0.jpg Graphic file (type jpg)

<use images/tile0.jpg>
Package pdftex.def Info: images/tile0.jpg used on input line 357.
(pdftex.def)             Requested size: 60.22545pt x 60.22545pt.
 <images/tile1.jpg, id=59, 200.75pt x 200.75pt>
File: images/tile1.jpg Graphic file (type jpg)

<use images/tile1.jpg>
Package pdftex.def Info: images/tile1.jpg used on input line 359.
(pdftex.def)             Requested size: 60.22545pt x 60.22545pt.
 <images/tile2.jpg, id=60, 200.75pt x 200.75pt>
File: images/tile2.jpg Graphic file (type jpg)

<use images/tile2.jpg>
Package pdftex.def Info: images/tile2.jpg used on input line 361.
(pdftex.def)             Requested size: 60.22545pt x 60.22545pt.
 <images/tile3.jpg, id=61, 200.75pt x 200.75pt>
File: images/tile3.jpg Graphic file (type jpg)

<use images/tile3.jpg>
Package pdftex.def Info: images/tile3.jpg used on input line 363.
(pdftex.def)             Requested size: 60.22545pt x 60.22545pt.
 <images/tile4.jpg, id=62, 200.75pt x 200.75pt>
File: images/tile4.jpg Graphic file (type jpg)

<use images/tile4.jpg>
Package pdftex.def Info: images/tile4.jpg used on input line 365.
(pdftex.def)             Requested size: 60.22545pt x 60.22545pt.
 [8 <./images/cropped.jpg> <./images/5tiles.jpg> <./images/Corners.jpg> <./imag
es/homography.jpg>]
<images/tile01.jpg, id=66, 1755.55875pt x 1750.54pt>
File: images/tile01.jpg Graphic file (type jpg)
 <use images/tile01.jpg>
Package pdftex.def Info: images/tile01.jpg used on input line 384.
(pdftex.def)             Requested size: 71.12117pt x 71.13153pt.

<images/tile02.jpg, id=67, 1929.2075pt x 1908.12875pt>
File: images/tile02.jpg Graphic file (type jpg)
 <use images/tile02.jpg>
Package pdftex.def Info: images/tile02.jpg used on input line 386.
(pdftex.def)             Requested size: 71.12051pt x 71.12956pt.

<images/tile03.jpg, id=68, 2039.62pt x 2045.6425pt>
File: images/tile03.jpg Graphic file (type jpg)
 <use images/tile03.jpg>
Package pdftex.def Info: images/tile03.jpg used on input line 388.
(pdftex.def)             Requested size: 71.11389pt x 71.10538pt.

<images/tile04.jpg, id=69, 2088.80376pt x 2094.82625pt>
File: images/tile04.jpg Graphic file (type jpg)

<use images/tile04.jpg>
Package pdftex.def Info: images/tile04.jpg used on input line 390.
(pdftex.def)             Requested size: 71.10762pt x 71.12086pt.

<images/tile05.jpg, id=70, 1898.09125pt x 1922.18124pt>
File: images/tile05.jpg Graphic file (type jpg)

<use images/tile05.jpg>
Package pdftex.def Info: images/tile05.jpg used on input line 392.
(pdftex.def)             Requested size: 71.10294pt x 71.12546pt.
 <images/tile06.jpg, id=71, 1975.38pt x 1974.37625pt>
File: images/tile06.jpg Graphic file (type jpg)

<use images/tile06.jpg>
Package pdftex.def Info: images/tile06.jpg used on input line 404.
(pdftex.def)             Requested size: 71.10458pt x 71.1287pt.
 <images/tile07.jpg, id=72, 1973.3725pt x 1975.38pt>
File: images/tile07.jpg Graphic file (type jpg)

<use images/tile07.jpg>
Package pdftex.def Info: images/tile07.jpg used on input line 406.
(pdftex.def)             Requested size: 71.12265pt x 71.10458pt.
 <images/tile08.jpg, id=73, 1909.1325pt x 1896.08376pt>
File: images/tile08.jpg Graphic file (type jpg)

<use images/tile08.jpg>
Package pdftex.def Info: images/tile08.jpg used on input line 408.
(pdftex.def)             Requested size: 71.10872pt x 71.11453pt.
 <images/tile09.jpg, id=74, 1904.11375pt x 1919.17pt>
File: images/tile09.jpg Graphic file (type jpg)

<use images/tile09.jpg>
Package pdftex.def Info: images/tile09.jpg used on input line 410.
(pdftex.def)             Requested size: 71.12517pt x 71.13116pt.

<images/tile10.jpg, id=75, 1857.94125pt x 1869.98625pt>
File: images/tile10.jpg Graphic file (type jpg)

<use images/tile10.jpg>
Package pdftex.def Info: images/tile10.jpg used on input line 412.
(pdftex.def)             Requested size: 71.1298pt x 71.10587pt.
 [9 <./images/tile0.jpg> <./images/tile1.jpg> <./images/tile2.jpg> <./images/ti
le3.jpg> <./images/tile4.jpg> <./images/tile01.jpg> <./images/tile02.jpg> <./im
ages/tile03.jpg> <./images/tile04.jpg> <./images/tile05.jpg> <./images/tile06.j
pg> <./images/tile07.jpg> <./images/tile08.jpg> <./images/tile09.jpg> <./images
/tile10.jpg>]
<images/tile11.jpg, id=79, 2028.57875pt x 2023.56pt>
File: images/tile11.jpg Graphic file (type jpg)
 <use images/tile11.jpg>
Package pdftex.def Info: images/tile11.jpg used on input line 424.
(pdftex.def)             Requested size: 71.13132pt x 71.10973pt.

<images/Screw_Horizontal_180.jpg, id=80, 2028.57875pt x 2022.55624pt>
File: images/Screw_Horizontal_180.jpg Graphic file (type jpg)

<use images/Screw_Horizontal_180.jpg>
Package pdftex.def Info: images/Screw_Horizontal_180.jpg used on input line 439
.
(pdftex.def)             Requested size: 60.17375pt x 60.0pt.

Overfull \hbox (17.2222pt too wide) in paragraph at lines 437--453
[][] [] 
 []

<images/SmallNut_Horizontal_00.jpg, id=81, 1898.09125pt x 1922.18124pt>
File: images/SmallNut_Horizontal_00.jpg Graphic file (type jpg)

<use images/SmallNut_Horizontal_00.jpg>
Package pdftex.def Info: images/SmallNut_Horizontal_00.jpg used on input line 4
59.
(pdftex.def)             Requested size: 59.22832pt x 60.0pt.

Overfull \hbox (17.2222pt too wide) in paragraph at lines 456--473
[][] [] 
 []

<images/SmallNut_Vertical_00.jpg, id=82, 1857.94125pt x 1869.98625pt>
File: images/SmallNut_Vertical_00.jpg Graphic file (type jpg)

<use images/SmallNut_Vertical_00.jpg>
Package pdftex.def Info: images/SmallNut_Vertical_00.jpg used on input line 477
.
(pdftex.def)             Requested size: 59.59142pt x 60.0pt.

Overfull \hbox (17.2222pt too wide) in paragraph at lines 474--491
[][] [] 
 []


Underfull \hbox (badness 10000) in paragraph at lines 495--496

 []

[10 <./images/tile11.jpg> <./images/Screw_Horizontal_180.jpg> <./images/SmallNu
t_Horizontal_00.jpg> <./images/SmallNut_Vertical_00.jpg>]
<images/First_set.jpg, id=87, 642.4pt x 481.8pt>
File: images/First_set.jpg Graphic file (type jpg)
 <use images/First_set.jpg>
Package pdftex.def Info: images/First_set.jpg used on input line 538.
(pdftex.def)             Requested size: 96.35583pt x 72.26688pt.

<images/Second_set.jpg, id=88, 642.4pt x 481.8pt>
File: images/Second_set.jpg Graphic file (type jpg)
 <use images/Second_set.jpg>
Package pdftex.def Info: images/Second_set.jpg used on input line 539.
(pdftex.def)             Requested size: 96.35583pt x 72.26688pt.

<images/Third_set.jpg, id=89, 642.4pt x 481.8pt>
File: images/Third_set.jpg Graphic file (type jpg)
 <use images/Third_set.jpg>
Package pdftex.def Info: images/Third_set.jpg used on input line 540.
(pdftex.def)             Requested size: 96.35583pt x 72.26688pt.

<images/Fourth_set.jpg, id=90, 642.4pt x 481.8pt>
File: images/Fourth_set.jpg Graphic file (type jpg)
 <use images/Fourth_set.jpg>
Package pdftex.def Info: images/Fourth_set.jpg used on input line 541.
(pdftex.def)             Requested size: 96.35583pt x 72.26688pt.

<images/Fifth_set.jpg, id=91, 642.4pt x 481.8pt>
File: images/Fifth_set.jpg Graphic file (type jpg)
 <use images/Fifth_set.jpg>
Package pdftex.def Info: images/Fifth_set.jpg used on input line 542.
(pdftex.def)             Requested size: 96.35583pt x 72.26688pt.

<images/Sixth_set.jpg, id=92, 642.4pt x 481.8pt>
File: images/Sixth_set.jpg Graphic file (type jpg)
 <use images/Sixth_set.jpg>
Package pdftex.def Info: images/Sixth_set.jpg used on input line 543.
(pdftex.def)             Requested size: 96.35583pt x 72.26688pt.

<images/Seventh_set.jpg, id=93, 642.4pt x 481.8pt>
File: images/Seventh_set.jpg Graphic file (type jpg)

<use images/Seventh_set.jpg>
Package pdftex.def Info: images/Seventh_set.jpg used on input line 544.
(pdftex.def)             Requested size: 96.35583pt x 72.26688pt.
 <images/Eigth_set.jpg, id=94, 642.4pt x 481.8pt>
File: images/Eigth_set.jpg Graphic file (type jpg)

<use images/Eigth_set.jpg>
Package pdftex.def Info: images/Eigth_set.jpg used on input line 545.
(pdftex.def)             Requested size: 96.35583pt x 72.26688pt.
 [11 <./images/First_set.jpg> <./images/Second_set.jpg> <./images/Third_set.jpg
> <./images/Fourth_set.jpg> <./images/Fifth_set.jpg> <./images/Sixth_set.jpg> <
./images/Seventh_set.jpg> <./images/Eigth_set.jpg>]
<images/resultFrame06.png, id=98, 979.66pt x 713.66624pt>
File: images/resultFrame06.png Graphic file (type png)

<use images/resultFrame06.png>
Package pdftex.def Info: images/resultFrame06.png used on input line 578.
(pdftex.def)             Requested size: 489.82881pt x 356.83224pt.

Overfull \hbox (20.07382pt too wide) in paragraph at lines 578--579
 [][] 
 []


LaTeX Warning: `!h' float specifier changed to `!ht'.


Overfull \hbox (33.18509pt too wide) in paragraph at lines 607--608
[]\OT1/cmr/m/n/10 Webpage, last viewed 13.12.17 20:25, https://docs.opencv.org/
3.1.0/dc/da5/tutorial[]py[]drawing[]functions.html 
 []


AED: lastpage setting LastPage
[12] [13 <./images/resultFrame06.png>] (./FinalReport.aux) ) 
Here is how much of TeX's memory you used:
 11968 strings out of 494985
 219481 string characters out of 6180356
 356848 words of memory out of 5000000
 14908 multiletter control sequences out of 15000+600000
 5764 words of font info for 21 fonts, out of 8000000 for 9000
 36 hyphenation exceptions out of 8191
 56i,10n,55p,683b,413s stack positions out of 5000i,500n,10000p,200000b,80000s
</usr/share/texlive
/texmf-dist/fonts/type1/public/amsfonts/cm/cmbx10.pfb></usr/share/texlive/texmf
-dist/fonts/type1/public/amsfonts/cm/cmbx12.pfb></usr/share/texlive/texmf-dist/
fonts/type1/public/amsfonts/cm/cmex10.pfb></usr/share/texlive/texmf-dist/fonts/
type1/public/amsfonts/cm/cmmi10.pfb></usr/share/texlive/texmf-dist/fonts/type1/
public/amsfonts/cm/cmmi5.pfb></usr/share/texlive/texmf-dist/fonts/type1/public/
amsfonts/cm/cmmi7.pfb></usr/share/texlive/texmf-dist/fonts/type1/public/amsfont
s/cm/cmr10.pfb></usr/share/texlive/texmf-dist/fonts/type1/public/amsfonts/cm/cm
r12.pfb></usr/share/texlive/texmf-dist/fonts/type1/public/amsfonts/cm/cmr7.pfb>
</usr/share/texlive/texmf-dist/fonts/type1/public/amsfonts/cm/cmsy10.pfb></usr/
share/texlive/texmf-dist/fonts/type1/public/amsfonts/cm/cmsy7.pfb>
Output written on FinalReport.pdf (14 pages, 8739108 bytes).
PDF statistics:
 142 PDF objects out of 1000 (max. 8388607)
 70 compressed objects within 1 object stream
 0 named destinations out of 1000 (max. 500000)
 223 words of extra memory for PDF output out of 10000 (max. 10000000)

